21:10:17 **** Incremental Build of configuration Debug for project edroom_ej2_project ****
make all 
Building file: ../edroom_glue/src/edroomdeployment.cpp
Invoking: SPARC RTEMS C++ Compiler
sparc-rtems-g++ -I/opt/rtems-4.6/sparc-rtems/leon3/lib/include -I"/home/carlos/OneDrive/3anyo/2cuatri/SistemasEmpotrados/workspace/edroom_ej2_project/config/include" -I"/home/carlos/OneDrive/3anyo/2cuatri/SistemasEmpotrados/workspace/edroom_ej2_project/edroom_glue/include" -I"/home/carlos/OneDrive/3anyo/2cuatri/SistemasEmpotrados/workspace/edroom_ej2_project/edroombp_swr/include" -I"/home/carlos/OneDrive/3anyo/2cuatri/SistemasEmpotrados/workspace/edroom_ej2_project/edroomsl_swr/include" -I"/home/carlos/OneDrive/3anyo/2cuatri/SistemasEmpotrados/workspace/edroom_ej2_project/edroomsl_types_swr/include" -I"/home/carlos/OneDrive/3anyo/2cuatri/SistemasEmpotrados/workspace/edroom_ej2_project/rtems_osswr/include" -O0 -g3 -Wall -msoft-float -c -fmessage-length=0 -MMD -MP -MF"edroom_glue/src/edroomdeployment.d" -MT"edroom_glue/src/edroomdeployment.d" -o "edroom_glue/src/edroomdeployment.o" "../edroom_glue/src/edroomdeployment.cpp"
In file included from ../edroom_glue/src/edroomdeployment.cpp:6:
/home/carlos/OneDrive/3anyo/2cuatri/SistemasEmpotrados/workspace/edroom_ej2_project/edroom_glue/include/edroom_glue/edroomdeployment.h:15:38: warning: public/ccserver_iface_v1.h: No such file or directory
/home/carlos/OneDrive/3anyo/2cuatri/SistemasEmpotrados/workspace/edroom_ej2_project/edroom_glue/include/edroom_glue/edroomdeployment.h:16:38: warning: public/ccclient_iface_v1.h: No such file or directory
In file included from ../edroom_glue/src/edroomdeployment.cpp:6:
/home/carlos/OneDrive/3anyo/2cuatri/SistemasEmpotrados/workspace/edroom_ej2_project/edroom_glue/include/edroom_glue/edroomdeployment.h:55: syntax error before `::' token
/home/carlos/OneDrive/3anyo/2cuatri/SistemasEmpotrados/workspace/edroom_ej2_project/edroom_glue/include/edroom_glue/edroomdeployment.h:56: syntax error before `::' token
/home/carlos/OneDrive/3anyo/2cuatri/SistemasEmpotrados/workspace/edroom_ej2_project/edroom_glue/include/edroom_glue/edroomdeployment.h:57: syntax error before `::' token
/home/carlos/OneDrive/3anyo/2cuatri/SistemasEmpotrados/workspace/edroom_ej2_project/edroom_glue/include/edroom_glue/edroomdeployment.h:58: syntax error before `::' token
/home/carlos/OneDrive/3anyo/2cuatri/SistemasEmpotrados/workspace/edroom_ej2_project/edroom_glue/include/edroom_glue/edroomdeployment.h:59: syntax error before `::' token
/home/carlos/OneDrive/3anyo/2cuatri/SistemasEmpotrados/workspace/edroom_ej2_project/edroom_glue/include/edroom_glue/edroomdeployment.h:77: syntax error before `*' token
/home/carlos/OneDrive/3anyo/2cuatri/SistemasEmpotrados/workspace/edroom_ej2_project/edroom_glue/include/edroom_glue/edroomdeployment.h:78: syntax error before `*' token
/home/carlos/OneDrive/3anyo/2cuatri/SistemasEmpotrados/workspace/edroom_ej2_project/edroom_glue/include/edroom_glue/edroomdeployment.h:79: syntax error before `*' token
/home/carlos/OneDrive/3anyo/2cuatri/SistemasEmpotrados/workspace/edroom_ej2_project/edroom_glue/include/edroom_glue/edroomdeployment.h:80: syntax error before `*' token
/home/carlos/OneDrive/3anyo/2cuatri/SistemasEmpotrados/workspace/edroom_ej2_project/edroom_glue/include/edroom_glue/edroomdeployment.h:81: syntax error before `*' token
/home/carlos/OneDrive/3anyo/2cuatri/SistemasEmpotrados/workspace/edroom_ej2_project/edroom_glue/include/edroom_glue/edroomdeployment.h:86: `CCServer' was not declared in this scope
/home/carlos/OneDrive/3anyo/2cuatri/SistemasEmpotrados/workspace/edroom_ej2_project/edroom_glue/include/edroom_glue/edroomdeployment.h:86: `p_comp2' was not declared in this scope
/home/carlos/OneDrive/3anyo/2cuatri/SistemasEmpotrados/workspace/edroom_ej2_project/edroom_glue/include/edroom_glue/edroomdeployment.h:87: `CCClient' was not declared in this scope
/home/carlos/OneDrive/3anyo/2cuatri/SistemasEmpotrados/workspace/edroom_ej2_project/edroom_glue/include/edroom_glue/edroomdeployment.h:87: `p_comp3' was not declared in this scope
/home/carlos/OneDrive/3anyo/2cuatri/SistemasEmpotrados/workspace/edroom_ej2_project/edroom_glue/include/edroom_glue/edroomdeployment.h:88: `CCClient' was not declared in this scope
/home/carlos/OneDrive/3anyo/2cuatri/SistemasEmpotrados/workspace/edroom_ej2_project/edroom_glue/include/edroom_glue/edroomdeployment.h:88: `p_comp4' was not declared in this scope
/home/carlos/OneDrive/3anyo/2cuatri/SistemasEmpotrados/workspace/edroom_ej2_project/edroom_glue/include/edroom_glue/edroomdeployment.h:89: `CCClient' was not declared in this scope
/home/carlos/OneDrive/3anyo/2cuatri/SistemasEmpotrados/workspace/edroom_ej2_project/edroom_glue/include/edroom_glue/edroomdeployment.h:89: `p_comp5' was not declared in this scope
/home/carlos/OneDrive/3anyo/2cuatri/SistemasEmpotrados/workspace/edroom_ej2_project/edroom_glue/include/edroom_glue/edroomdeployment.h:90: `CCClient' was not declared in this scope
/home/carlos/OneDrive/3anyo/2cuatri/SistemasEmpotrados/workspace/edroom_ej2_project/edroom_glue/include/edroom_glue/edroomdeployment.h:90: `p_comp6' was not declared in this scope
/home/carlos/OneDrive/3anyo/2cuatri/SistemasEmpotrados/workspace/edroom_ej2_project/edroom_glue/include/edroom_glue/edroomdeployment.h:90: invalid data member initialization
/home/carlos/OneDrive/3anyo/2cuatri/SistemasEmpotrados/workspace/edroom_ej2_project/edroom_glue/include/edroom_glue/edroomdeployment.h:90: (use `=' to initialize static data members)
/home/carlos/OneDrive/3anyo/2cuatri/SistemasEmpotrados/workspace/edroom_ej2_project/edroom_glue/include/edroom_glue/edroomdeployment.h:90: variable or field `SetComponents' declared void
/home/carlos/OneDrive/3anyo/2cuatri/SistemasEmpotrados/workspace/edroom_ej2_project/edroom_glue/include/edroom_glue/edroomdeployment.h:142: syntax error before `*' token
/home/carlos/OneDrive/3anyo/2cuatri/SistemasEmpotrados/workspace/edroom_ej2_project/edroom_glue/include/edroom_glue/edroomdeployment.h:143: syntax error before `*' token
/home/carlos/OneDrive/3anyo/2cuatri/SistemasEmpotrados/workspace/edroom_ej2_project/edroom_glue/include/edroom_glue/edroomdeployment.h:144: syntax error before `*' token
/home/carlos/OneDrive/3anyo/2cuatri/SistemasEmpotrados/workspace/edroom_ej2_project/edroom_glue/include/edroom_glue/edroomdeployment.h:145: syntax error before `*' token
/home/carlos/OneDrive/3anyo/2cuatri/SistemasEmpotrados/workspace/edroom_ej2_project/edroom_glue/include/edroom_glue/edroomdeployment.h:146: syntax error before `*' token
/home/carlos/OneDrive/3anyo/2cuatri/SistemasEmpotrados/workspace/edroom_ej2_project/edroom_glue/include/edroom_glue/edroomdeployment.h:153: `CCServer' was not declared in this scope
/home/carlos/OneDrive/3anyo/2cuatri/SistemasEmpotrados/workspace/edroom_ej2_project/edroom_glue/include/edroom_glue/edroomdeployment.h:153: `p_comp2' was not declared in this scope
/home/carlos/OneDrive/3anyo/2cuatri/SistemasEmpotrados/workspace/edroom_ej2_project/edroom_glue/include/edroom_glue/edroomdeployment.h:154: `CCClient' was not declared in this scope
/home/carlos/OneDrive/3anyo/2cuatri/SistemasEmpotrados/workspace/edroom_ej2_project/edroom_glue/include/edroom_glue/edroomdeployment.h:154: `p_comp3' was not declared in this scope
/home/carlos/OneDrive/3anyo/2cuatri/SistemasEmpotrados/workspace/edroom_ej2_project/edroom_glue/include/edroom_glue/edroomdeployment.h:155: `CCClient' was not declared in this scope
/home/carlos/OneDrive/3anyo/2cuatri/SistemasEmpotrados/workspace/edroom_ej2_project/edroom_glue/include/edroom_glue/edroomdeployment.h:155: `p_comp4' was not declared in this scope
/home/carlos/OneDrive/3anyo/2cuatri/SistemasEmpotrados/workspace/edroom_ej2_project/edroom_glue/include/edroom_glue/edroomdeployment.h:156: `CCClient' was not declared in this scope
/home/carlos/OneDrive/3anyo/2cuatri/SistemasEmpotrados/workspace/edroom_ej2_project/edroom_glue/include/edroom_glue/edroomdeployment.h:156: `p_comp5' was not declared in this scope
/home/carlos/OneDrive/3anyo/2cuatri/SistemasEmpotrados/workspace/edroom_ej2_project/edroom_glue/include/edroom_glue/edroomdeployment.h:157: `CCClient' was not declared in this scope
/home/carlos/OneDrive/3anyo/2cuatri/SistemasEmpotrados/workspace/edroom_ej2_project/edroom_glue/include/edroom_glue/edroomdeployment.h:157: `p_comp6' was not declared in this scope
/home/carlos/OneDrive/3anyo/2cuatri/SistemasEmpotrados/workspace/edroom_ej2_project/edroom_glue/include/edroom_glue/edroomdeployment.h:157: invalid data member initialization
/home/carlos/OneDrive/3anyo/2cuatri/SistemasEmpotrados/workspace/edroom_ej2_project/edroom_glue/include/edroom_glue/edroomdeployment.h:157: variable or field `Config' declared void
/home/carlos/OneDrive/3anyo/2cuatri/SistemasEmpotrados/workspace/edroom_ej2_project/edroom_glue/include/edroom_glue/edroomdeployment.h:166: syntax error before `::' token
/home/carlos/OneDrive/3anyo/2cuatri/SistemasEmpotrados/workspace/edroom_ej2_project/edroom_glue/include/edroom_glue/edroomdeployment.h:167: ISO C++ forbids defining types within return type
/home/carlos/OneDrive/3anyo/2cuatri/SistemasEmpotrados/workspace/edroom_ej2_project/edroom_glue/include/edroom_glue/edroomdeployment.h:167: syntax error before `::' token
/home/carlos/OneDrive/3anyo/2cuatri/SistemasEmpotrados/workspace/edroom_ej2_project/edroom_glue/include/edroom_glue/edroomdeployment.h:168: syntax error before `::' token
/home/carlos/OneDrive/3anyo/2cuatri/SistemasEmpotrados/workspace/edroom_ej2_project/edroom_glue/include/edroom_glue/edroomdeployment.h:169: syntax error before `::' token
/home/carlos/OneDrive/3anyo/2cuatri/SistemasEmpotrados/workspace/edroom_ej2_project/edroom_glue/include/edroom_glue/edroomdeployment.h:170: syntax error before `::' token
../edroom_glue/src/edroomdeployment.cpp:11: `CCServer' was not declared in this scope
../edroom_glue/src/edroomdeployment.cpp:11: `comp2' was not declared in this scope
../edroom_glue/src/edroomdeployment.cpp:12: `CCClient' was not declared in this scope
../edroom_glue/src/edroomdeployment.cpp:12: `comp3' was not declared in this scope
../edroom_glue/src/edroomdeployment.cpp:13: `CCClient' was not declared in this scope
../edroom_glue/src/edroomdeployment.cpp:13: `comp4' was not declared in this scope
../edroom_glue/src/edroomdeployment.cpp:14: `CCClient' was not declared in this scope
../edroom_glue/src/edroomdeployment.cpp:14: `comp5' was not declared in this scope
../edroom_glue/src/edroomdeployment.cpp:15: `CCClient' was not declared in this scope
../edroom_glue/src/edroomdeployment.cpp:15: `comp6' was not declared in this scope
../edroom_glue/src/edroomdeployment.cpp:15: variable or field `MainWait' declared void
../edroom_glue/src/edroomdeployment.cpp:15: initializer list being treated as compound expression
../edroom_glue/src/edroomdeployment.cpp:15: syntax error before `{' token
../edroom_glue/src/edroomdeployment.cpp: In member function `void CEDROOMSystemMemory::SetMemory()':
../edroom_glue/src/edroomdeployment.cpp:38: `comp2Memory' undeclared (first use this function)
../edroom_glue/src/edroomdeployment.cpp:38: (Each undeclared identifier is reported only once for each function it appears in.)
../edroom_glue/src/edroomdeployment.cpp:40: `comp3Memory' undeclared (first use this function)
../edroom_glue/src/edroomdeployment.cpp:42: `comp4Memory' undeclared (first use this function)
../edroom_glue/src/edroomdeployment.cpp:44: `comp5Memory' undeclared (first use this function)
../edroom_glue/src/edroomdeployment.cpp:46: `comp6Memory' undeclared (first use this function)
../edroom_glue/src/edroomdeployment.cpp: At global scope:
../edroom_glue/src/edroomdeployment.cpp:53: `CCServer' was not declared in this scope
../edroom_glue/src/edroomdeployment.cpp:53: `p_comp2' was not declared in this scope
../edroom_glue/src/edroomdeployment.cpp:54: `CCClient' was not declared in this scope
../edroom_glue/src/edroomdeployment.cpp:54: `p_comp3' was not declared in this scope
../edroom_glue/src/edroomdeployment.cpp:55: `CCClient' was not declared in this scope
../edroom_glue/src/edroomdeployment.cpp:55: `p_comp4' was not declared in this scope
../edroom_glue/src/edroomdeployment.cpp:56: `CCClient' was not declared in this scope
../edroom_glue/src/edroomdeployment.cpp:56: `p_comp5' was not declared in this scope
../edroom_glue/src/edroomdeployment.cpp:57: `CCClient' was not declared in this scope
../edroom_glue/src/edroomdeployment.cpp:57: `p_comp6' was not declared in this scope
../edroom_glue/src/edroomdeployment.cpp:57: `void CEDROOMSystemCommSAP::SetComponents' is not a static member of `class CEDROOMSystemCommSAP'
../edroom_glue/src/edroomdeployment.cpp:57: variable `void CEDROOMSystemCommSAP::SetComponents' has initializer but incomplete type
../edroom_glue/src/edroomdeployment.cpp:57: syntax error before `{' token
../edroom_glue/src/edroomdeployment.cpp:59: ISO C++ forbids declaration of `mp_comp3' with no type
../edroom_glue/src/edroomdeployment.cpp:59: `p_comp3' was not declared in this scope
../edroom_glue/src/edroomdeployment.cpp:60: ISO C++ forbids declaration of `mp_comp4' with no type
../edroom_glue/src/edroomdeployment.cpp:60: `p_comp4' was not declared in this scope
../edroom_glue/src/edroomdeployment.cpp:61: ISO C++ forbids declaration of `mp_comp5' with no type
../edroom_glue/src/edroomdeployment.cpp:61: `p_comp5' was not declared in this scope
../edroom_glue/src/edroomdeployment.cpp:62: ISO C++ forbids declaration of `mp_comp6' with no type
../edroom_glue/src/edroomdeployment.cpp:62: `p_comp6' was not declared in this scope
../edroom_glue/src/edroomdeployment.cpp:63: syntax error before `}' token
../edroom_glue/src/edroomdeployment.cpp: In static member function `static TEDROOMSignal CEDROOMSystemCommSAP::C2Server_PpService4__C6Client4_PpSerReq(int)':
../edroom_glue/src/edroomdeployment.cpp:79: `CCServer' undeclared (first use this function)
../edroom_glue/src/edroomdeployment.cpp:79: syntax error before `::' token
../edroom_glue/src/edroomdeployment.cpp:79: `CCClient' undeclared (first use this function)
../edroom_glue/src/edroomdeployment.cpp:79: syntax error before `::' token
../edroom_glue/src/edroomdeployment.cpp:81: syntax error before `::' token
../edroom_glue/src/edroomdeployment.cpp:81: syntax error before `::' token
../edroom_glue/src/edroomdeployment.cpp: In static member function `static TEDROOMSignal CEDROOMSystemCommSAP::C6Client4_PpSerReq__C2Server_PpService4(int)':
../edroom_glue/src/edroomdeployment.cpp:96: syntax error before `::' token
../edroom_glue/src/edroomdeployment.cpp:96: syntax error before `::' token
../edroom_glue/src/edroomdeployment.cpp:98: syntax error before `::' token
../edroom_glue/src/edroomdeployment.cpp:98: syntax error before `::' token
../edroom_glue/src/edroomdeployment.cpp: In static member function `static TEDROOMSignal CEDROOMSystemCommSAP::C2Server_PpService3__C5Client3_PpSerReq(int)':
../edroom_glue/src/edroomdeployment.cpp:113: syntax error before `::' token
../edroom_glue/src/edroomdeployment.cpp:113: syntax error before `::' token
../edroom_glue/src/edroomdeployment.cpp:115: syntax error before `::' token
../edroom_glue/src/edroomdeployment.cpp:115: syntax error before `::' token
../edroom_glue/src/edroomdeployment.cpp: In static member function `static TEDROOMSignal CEDROOMSystemCommSAP::C5Client3_PpSerReq__C2Server_PpService3(int)':
../edroom_glue/src/edroomdeployment.cpp:130: syntax error before `::' token
../edroom_glue/src/edroomdeployment.cpp:130: syntax error before `::' token
../edroom_glue/src/edroomdeployment.cpp:132: syntax error before `::' token
../edroom_glue/src/edroomdeployment.cpp:132: syntax error before `::' token
../edroom_glue/src/edroomdeployment.cpp: In static member function `static TEDROOMSignal CEDROOMSystemCommSAP::C2Server_PpService2__C4Client2_PpSerReq(int)':
../edroom_glue/src/edroomdeployment.cpp:147: syntax error before `::' token
../edroom_glue/src/edroomdeployment.cpp:147: syntax error before `::' token
../edroom_glue/src/edroomdeployment.cpp:149: syntax error before `::' token
../edroom_glue/src/edroomdeployment.cpp:149: syntax error before `::' token
../edroom_glue/src/edroomdeployment.cpp: In static member function `static TEDROOMSignal CEDROOMSystemCommSAP::C4Client2_PpSerReq__C2Server_PpService2(int)':
../edroom_glue/src/edroomdeployment.cpp:164: syntax error before `::' token
../edroom_glue/src/edroomdeployment.cpp:164: syntax error before `::' token
../edroom_glue/src/edroomdeployment.cpp:166: syntax error before `::' token
../edroom_glue/src/edroomdeployment.cpp:166: syntax error before `::' token
../edroom_glue/src/edroomdeployment.cpp: In static member function `static TEDROOMSignal CEDROOMSystemCommSAP::C2Server_PpService1__C3Client_PpSerReq(int)':
../edroom_glue/src/edroomdeployment.cpp:181: syntax error before `::' token
../edroom_glue/src/edroomdeployment.cpp:181: syntax error before `::' token
../edroom_glue/src/edroomdeployment.cpp:183: syntax error before `::' token
../edroom_glue/src/edroomdeployment.cpp:183: syntax error before `::' token
../edroom_glue/src/edroomdeployment.cpp: In static member function `static TEDROOMSignal CEDROOMSystemCommSAP::C3Client_PpSerReq__C2Server_PpService1(int)':
../edroom_glue/src/edroomdeployment.cpp:198: syntax error before `::' token
../edroom_glue/src/edroomdeployment.cpp:198: syntax error before `::' token
../edroom_glue/src/edroomdeployment.cpp:200: syntax error before `::' token
../edroom_glue/src/edroomdeployment.cpp:200: syntax error before `::' token
../edroom_glue/src/edroomdeployment.cpp: In member function `void CEDROOMSystemCommSAP::RegisterInterfaces()':
../edroom_glue/src/edroomdeployment.cpp:217: `mp_comp2' undeclared (first use this function)
../edroom_glue/src/edroomdeployment.cpp:223: base operand of `->' is not a pointer
../edroom_glue/src/edroomdeployment.cpp:224: base operand of `->' is not a pointer
../edroom_glue/src/edroomdeployment.cpp:227: base operand of `->' is not a pointer
../edroom_glue/src/edroomdeployment.cpp:228: base operand of `->' is not a pointer
../edroom_glue/src/edroomdeployment.cpp:231: base operand of `->' is not a pointer
../edroom_glue/src/edroomdeployment.cpp:232: base operand of `->' is not a pointer
../edroom_glue/src/edroomdeployment.cpp:235: base operand of `->' is not a pointer
../edroom_glue/src/edroomdeployment.cpp:236: base operand of `->' is not a pointer
../edroom_glue/src/edroomdeployment.cpp: In member function `void CEDROOMSystemCommSAP::SetLocalConnections()':
../edroom_glue/src/edroomdeployment.cpp:246: base operand of `->' is not a pointer
../edroom_glue/src/edroomdeployment.cpp:250: base operand of `->' is not a pointer
../edroom_glue/src/edroomdeployment.cpp:254: base operand of `->' is not a pointer
../edroom_glue/src/edroomdeployment.cpp:258: base operand of `->' is not a pointer
../edroom_glue/src/edroomdeployment.cpp: At global scope:
../edroom_glue/src/edroomdeployment.cpp:285: cannot declare member function `CEDROOMSystemDeployment::CEDROOMSystemDeployment' within `CEDROOMSystemCommSAP'
../edroom_glue/src/edroomdeployment.cpp:285: syntax error before `{' token
../edroom_glue/src/edroomdeployment.cpp:296: `p_comp2' was not declared in this scope
../edroom_glue/src/edroomdeployment.cpp:297: `p_comp3' was not declared in this scope
../edroom_glue/src/edroomdeployment.cpp:298: `p_comp4' was not declared in this scope
../edroom_glue/src/edroomdeployment.cpp:299: `p_comp5' was not declared in this scope
../edroom_glue/src/edroomdeployment.cpp:300: `p_comp6' was not declared in this scope
../edroom_glue/src/edroomdeployment.cpp:300: cannot declare member `CEDROOMSystemDeployment::Config' within `CEDROOMSystemCommSAP'
../edroom_glue/src/edroomdeployment.cpp:300: invalid declarator
../edroom_glue/src/edroomdeployment.cpp:300: syntax error before `{' token
../edroom_glue/src/edroomdeployment.cpp:303: ISO C++ forbids declaration of `mp_comp3' with no type
../edroom_glue/src/edroomdeployment.cpp:303: redefinition of `int mp_comp3'
../edroom_glue/src/edroomdeployment.cpp:59: `int mp_comp3' previously defined here
../edroom_glue/src/edroomdeployment.cpp:303: `p_comp3' was not declared in this scope
../edroom_glue/src/edroomdeployment.cpp:304: ISO C++ forbids declaration of `mp_comp4' with no type
../edroom_glue/src/edroomdeployment.cpp:304: redefinition of `int mp_comp4'
../edroom_glue/src/edroomdeployment.cpp:60: `int mp_comp4' previously defined here
../edroom_glue/src/edroomdeployment.cpp:304: `p_comp4' was not declared in this scope
../edroom_glue/src/edroomdeployment.cpp:305: ISO C++ forbids declaration of `mp_comp5' with no type
../edroom_glue/src/edroomdeployment.cpp:305: redefinition of `int mp_comp5'
../edroom_glue/src/edroomdeployment.cpp:61: `int mp_comp5' previously defined here
../edroom_glue/src/edroomdeployment.cpp:305: `p_comp5' was not declared in this scope
../edroom_glue/src/edroomdeployment.cpp:306: ISO C++ forbids declaration of `mp_comp6' with no type
../edroom_glue/src/edroomdeployment.cpp:306: redefinition of `int mp_comp6'
../edroom_glue/src/edroomdeployment.cpp:62: `int mp_comp6' previously defined here
../edroom_glue/src/edroomdeployment.cpp:306: `p_comp6' was not declared in this scope
../edroom_glue/src/edroomdeployment.cpp:308: syntax error before `.' token
../edroom_glue/src/edroomdeployment.cpp:314: syntax error before `.' token
../edroom_glue/src/edroomdeployment.cpp:315: syntax error before `.' token
../edroom_glue/src/edroomdeployment.cpp:322: cannot declare member function `CEDROOMSystemDeployment::StartComponents' within `CEDROOMSystemCommSAP'
../edroom_glue/src/edroomdeployment.cpp:322: syntax error before `{' token
../edroom_glue/src/edroomdeployment.cpp:324: syntax error before `->' token
../edroom_glue/src/edroomdeployment.cpp:325: syntax error before `->' token
../edroom_glue/src/edroomdeployment.cpp:326: syntax error before `->' token
../edroom_glue/src/edroomdeployment.cpp:327: syntax error before `->' token
../edroom_glue/src/edroomdeployment.cpp:334: cannot declare member function `CEDROOMSystemDeployment::Start' within `CEDROOMSystemCommSAP'
../edroom_glue/src/edroomdeployment.cpp:334: syntax error before `{' token
../edroom_glue/src/edroomdeployment.cpp:346: syntax error before `.' token
../edroom_glue/src/edroomdeployment.cpp:349: invalid type argument of `unary *'
../edroom_glue/src/edroomdeployment.cpp:350: invalid type argument of `unary *'
../edroom_glue/src/edroomdeployment.cpp:351: invalid type argument of `unary *'
../edroom_glue/src/edroomdeployment.cpp:352: invalid type argument of `unary *'
../edroom_glue/src/edroomdeployment.cpp:352: ISO C++ forbids declaration of `MainWait' with no type
../edroom_glue/src/edroomdeployment.cpp:352: redefinition of `int MainWait'
../edroom_glue/src/edroomdeployment.cpp:15: `int MainWait' previously defined here
../edroom_glue/src/edroomdeployment.cpp:352: initializer list being treated as compound expression
../edroom_glue/src/edroomdeployment.cpp:357: syntax error before `}' token
make: *** [edroom_glue/src/subdir.mk:20: edroom_glue/src/edroomdeployment.o] Error 1

21:10:18 Build Finished (took 158ms)

