13:40:13 **** Rebuild of configuration Debug for project prac4_1 ****
Info: Internal Builder is used for build
sparc-elf-gcc -I/home/carlos/OneDrive/3anyo/2cuatri/SistemasEmpotrados/workspace/prac4_1/include -O0 -g3 -Wall -msoft-float -c -fmessage-length=0 -o src/main.o ../src/main.c 
sparc-elf-gcc -I/home/carlos/OneDrive/3anyo/2cuatri/SistemasEmpotrados/workspace/prac4_1/include -O0 -g3 -Wall -msoft-float -c -fmessage-length=0 -o src/leon3_uart.o ../src/leon3_uart.c 
../src/leon3_uart.c:32: warning: initialization makes pointer from integer without a cast
sparc-elf-gcc -I/home/carlos/OneDrive/3anyo/2cuatri/SistemasEmpotrados/workspace/prac4_1/include -O0 -g3 -Wall -msoft-float -c -fmessage-length=0 -o src/leon3_monotonic_clk.o ../src/leon3_monotonic_clk.c 
../src/leon3_monotonic_clk.c: In function 'emu_execution_time':
../src/leon3_monotonic_clk.c:230: warning: implicit declaration of function 'leon3_putchar'
../src/leon3_monotonic_clk.c:232: warning: implicit declaration of function 'leon3_uart_tx_fifo_is_empty'
sparc-elf-gcc -I/home/carlos/OneDrive/3anyo/2cuatri/SistemasEmpotrados/workspace/prac4_1/include -O0 -g3 -Wall -msoft-float -c -fmessage-length=0 -o src/leon3_ev_handling.o ../src/leon3_ev_handling.c 
sparc-elf-gcc -I/home/carlos/OneDrive/3anyo/2cuatri/SistemasEmpotrados/workspace/prac4_1/include -O0 -g3 -Wall -msoft-float -c -fmessage-length=0 -o src/leon3_hw_irqs.o ../src/leon3_hw_irqs.c 
../src/leon3_hw_irqs.c:8:27: warning: extra tokens at end of #include directive
sparc-elf-gcc -I/home/carlos/OneDrive/3anyo/2cuatri/SistemasEmpotrados/workspace/prac4_1/include -O0 -g3 -Wall -msoft-float -c -fmessage-length=0 -o src/leon3_bprint.o ../src/leon3_bprint.c 
../src/leon3_bprint.c: In function 'leon3_print_string':
../src/leon3_bprint.c:5: warning: implicit declaration of function 'strlen'
../src/leon3_bprint.c:5: warning: incompatible implicit declaration of built-in function 'strlen'
../src/leon3_bprint.c:5: warning: unused variable 'len'
sparc-elf-gcc -I/home/carlos/OneDrive/3anyo/2cuatri/SistemasEmpotrados/workspace/prac4_1/include -O0 -g3 -Wall -msoft-float -c -fmessage-length=0 -o src/leon3_ev_handling_asm.o ../src/leon3_ev_handling_asm.S 
sparc-elf-gcc -I/home/carlos/OneDrive/3anyo/2cuatri/SistemasEmpotrados/workspace/prac4_1/include -O0 -g3 -Wall -msoft-float -c -fmessage-length=0 -o src/leon3_timer_unit_drv.o ../src/leon3_timer_unit_drv.c 
sparc-elf-gcc -I/home/carlos/OneDrive/3anyo/2cuatri/SistemasEmpotrados/workspace/prac4_1/include -O0 -g3 -Wall -msoft-float -c -fmessage-length=0 -o src/leon3_timing_service.o ../src/leon3_timing_service.c 
sparc-elf-gcc -msoft-float -o prac4_1 src/main.o src/leon3_uart.o src/leon3_timing_service.o src/leon3_timer_unit_drv.o src/leon3_monotonic_clk.o src/leon3_hw_irqs.o src/leon3_ev_handling_asm.o src/leon3_ev_handling.o src/leon3_bprint.o 
Info: Nothing to build for prac4_1
Info: Nothing to build for prac4_1
Info: Nothing to build for prac4_1
Info: Nothing to build for prac4_1
18:11:04 **** Incremental Build of configuration Debug for project prac4_1 ****
Info: Internal Builder is used for build
sparc-elf-gcc -I/home/carlos/OneDrive/3anyo/2cuatri/SistemasEmpotrados/workspace/prac4_1/include -O0 -g3 -Wall -msoft-float -c -fmessage-length=0 -o src/leon3_timer_unit_drv.o ../src/leon3_timer_unit_drv.c 
sparc-elf-gcc -msoft-float -o prac4_1 src/main.o src/leon3_uart.o src/leon3_timing_service.o src/leon3_timer_unit_drv.o src/leon3_monotonic_clk.o src/leon3_hw_irqs.o src/leon3_ev_handling_asm.o src/leon3_ev_handling.o src/leon3_bprint.o 
